<?xml version="1.0" encoding="UTF-8"?>
<!-- Generated by org.testng.reporters.JUnitXMLReporter -->
<testsuite ignored="0" hostname="LAP-TZ-0X79669" failures="0" tests="5" name="Test" time="46.604" errors="0" timestamp="2023-02-08T17:00:27 IST">
  <testcase classname="com.project.automationDemoProject.TC_01_Amazon_ItemTest" name="TC_01_Amazon_ItemTest" time="39.147"/>
  <testcase classname="com.project.automationDemoProject.TC_02_GetRequestTest" name="GetRequestTest" time="5.438"/>
  <testcase classname="com.project.automationDemoProject.TC_03_POSTRequestTest" name="postRequestTest" time="0.499"/>
  <testcase classname="com.project.automationDemoProject.TC_04_PUTRequestTest" name="putRequestTest" time="0.495"/>
  <testcase classname="com.project.automationDemoProject.TC_05_DELETERequestTest" name="deleteRequestTest" time="0.227"/>
</testsuite> <!-- Test -->
