<?xml version="1.0" encoding="UTF-8"?>
<testng-results ignored="0" total="5" passed="5" failed="0" skipped="0">
  <reporter-output>
  </reporter-output>
  <suite started-at="2023-02-08T16:59:41 IST" name="Suite" finished-at="2023-02-08T17:00:27 IST" duration-ms="46604">
    <groups>
    </groups>
    <test started-at="2023-02-08T16:59:41 IST" name="Test" finished-at="2023-02-08T17:00:27 IST" duration-ms="46604">
      <class name="com.project.automationDemoProject.TC_04_PUTRequestTest">
        <test-method signature="putRequestTest()[pri:0, instance:com.project.automationDemoProject.TC_04_PUTRequestTest@47987356]" started-at="2023-02-08T17:00:26 IST" name="putRequestTest" finished-at="2023-02-08T17:00:26 IST" duration-ms="495" status="PASS">
          <reporter-output>
          </reporter-output>
        </test-method> <!-- putRequestTest -->
      </class> <!-- com.project.automationDemoProject.TC_04_PUTRequestTest -->
      <class name="com.project.automationDemoProject.TC_01_Amazon_ItemTest">
        <test-method is-config="true" signature="beforeTest()[pri:0, instance:com.project.automationDemoProject.TC_01_Amazon_ItemTest@f736069]" started-at="2023-02-08T16:59:41 IST" name="beforeTest" finished-at="2023-02-08T16:59:41 IST" duration-ms="8" status="PASS">
          <reporter-output>
          </reporter-output>
        </test-method> <!-- beforeTest -->
        <test-method signature="TC_01_Amazon_ItemTest()[pri:0, instance:com.project.automationDemoProject.TC_01_Amazon_ItemTest@f736069]" started-at="2023-02-08T16:59:41 IST" name="TC_01_Amazon_ItemTest" finished-at="2023-02-08T17:00:20 IST" duration-ms="39147" status="PASS">
          <reporter-output>
          </reporter-output>
        </test-method> <!-- TC_01_Amazon_ItemTest -->
        <test-method is-config="true" signature="afterTest()[pri:0, instance:com.project.automationDemoProject.TC_01_Amazon_ItemTest@f736069]" started-at="2023-02-08T17:00:27 IST" name="afterTest" finished-at="2023-02-08T17:00:27 IST" duration-ms="587" status="PASS">
          <reporter-output>
          </reporter-output>
        </test-method> <!-- afterTest -->
      </class> <!-- com.project.automationDemoProject.TC_01_Amazon_ItemTest -->
      <class name="com.project.automationDemoProject.TC_02_GetRequestTest">
        <test-method signature="GetRequestTest()[pri:0, instance:com.project.automationDemoProject.TC_02_GetRequestTest@35aea049]" started-at="2023-02-08T17:00:20 IST" name="GetRequestTest" finished-at="2023-02-08T17:00:25 IST" duration-ms="5438" status="PASS">
          <reporter-output>
          </reporter-output>
        </test-method> <!-- GetRequestTest -->
      </class> <!-- com.project.automationDemoProject.TC_02_GetRequestTest -->
      <class name="com.project.automationDemoProject.TC_03_POSTRequestTest">
        <test-method signature="postRequestTest()[pri:0, instance:com.project.automationDemoProject.TC_03_POSTRequestTest@7205765b]" started-at="2023-02-08T17:00:25 IST" name="postRequestTest" finished-at="2023-02-08T17:00:26 IST" duration-ms="499" status="PASS">
          <reporter-output>
          </reporter-output>
        </test-method> <!-- postRequestTest -->
      </class> <!-- com.project.automationDemoProject.TC_03_POSTRequestTest -->
      <class name="com.project.automationDemoProject.TC_05_DELETERequestTest">
        <test-method signature="deleteRequestTest()[pri:0, instance:com.project.automationDemoProject.TC_05_DELETERequestTest@22ef9844]" started-at="2023-02-08T17:00:26 IST" name="deleteRequestTest" finished-at="2023-02-08T17:00:27 IST" duration-ms="227" status="PASS">
          <reporter-output>
          </reporter-output>
        </test-method> <!-- deleteRequestTest -->
      </class> <!-- com.project.automationDemoProject.TC_05_DELETERequestTest -->
    </test> <!-- Test -->
  </suite> <!-- Suite -->
</testng-results>
